<?xml version="1.0" encoding="UTF-8"?>
<testExecutions version="1">
    <file path="/Users/lucasdev/Documents/personal/nodejs-sonarqube/src/tests/index.test.js">
        <testCase name="Get Endpoints Get" duration="45"/>
    </file>
</testExecutions>